<?xml version="1.0" encoding="UTF-8"?>
<!-- Generated by org.testng.reporters.JUnitReportReporter -->
<testsuite skipped="0" hostname="DESKTOP-VUTJHSN" name="pac1.Name" tests="1" failures="0" timestamp="26 Apr 2019 09:58:25 GMT" time="0.030" errors="0">
  <testcase name="T" time="0.030" classname="pac1.Name"/>
</testsuite> <!-- pac1.Name -->
