<?xml version="1.0" encoding="UTF-8"?>
<!-- Generated by org.testng.reporters.JUnitReportReporter -->
<testsuite skipped="0" hostname="DESKTOP-VUTJHSN" name="pac1.Simple" tests="1" failures="0" timestamp="26 Apr 2019 09:21:37 GMT" time="0.019" errors="0">
  <testcase name="Testing" time="0.019" classname="pac1.Simple"/>
</testsuite> <!-- pac1.Simple -->
